<?xml version="1.0" encoding="UTF-8"?>
<!-- Generated by org.testng.reporters.JUnitXMLReporter -->
<testsuite ignored="0" hostname="DESKTOP-O4AMI07" failures="2" tests="4" name="UdayPatilMaven" time="1.281" errors="0" timestamp="2022-08-16T17:48:00 IST">
  <testcase classname="testng.reportgeneretor.ExtentReportGeneretor" name="test1" time="0.047"/>
  <testcase classname="testng.reportgeneretor.ExtentReportGeneretor" name="test2" time="0.015">
    <failure type="java.lang.AssertionError" message="expected [false] but found [true]">
      <![CDATA[java.lang.AssertionError: expected [false] but found [true]
at testng.reportgeneretor.ExtentReportGeneretor.test2(ExtentReportGeneretor.java:40)
at java.base/java.util.ArrayList.forEach(ArrayList.java:1541)
... Removed 30 stack frames]]>
    </failure>
  </testcase> <!-- test2 -->
  <testcase classname="testng.reportgeneretor.ExtentReportGeneretor" name="test3" time="0.0">
    <failure type="java.lang.AssertionError" message="expected [true] but found [false]">
      <![CDATA[java.lang.AssertionError: expected [true] but found [false]
at testng.reportgeneretor.ExtentReportGeneretor.test3(ExtentReportGeneretor.java:48)
at java.base/java.util.ArrayList.forEach(ArrayList.java:1541)
... Removed 30 stack frames]]>
    </failure>
  </testcase> <!-- test3 -->
  <testcase classname="testng.reportgeneretor.ExtentReportGeneretor" name="test4" time="0.0"/>
</testsuite> <!-- UdayPatilMaven -->
